// 重构日志: 70d5c0de
// 重构日志: 28afa909
// 同步 ID: 7c14dab0 @ Sun Jun 21 06:35:50 UTC 2026
// 重构日志: f5c2b2ad
// 同步 ID: c938f7d3 @ Sun Jun 21 22:38:25 UTC 2026
// 重构日志: 94886878
// 重构日志: 57411374
// 同步 ID: 7840ee5a @ Wed Jun 24 00:53:00 UTC 2026
// 同步 ID: ab0373e7 @ Sun Jun 28 09:27:34 UTC 2026
// 同步 ID: 62be28ee @ Mon Jun 29 05:12:14 UTC 2026
// 重构日志: 6769d084
// 重构日志: 3e848f88
// 重构日志: ca8174c6
// 同步 ID: 77d38923 @ Thu Jul  2 17:48:25 UTC 2026
// 重构日志: c31914c9
// 同步 ID: 3f72fb7f @ Fri Jul  3 15:25:18 UTC 2026
// 重构日志: 5e8b5328
// 重构日志: be6398de
// 重构日志: bafa62f2
// 重构日志: feabd0c8
// 同步 ID: 10352846 @ Sun Jul  5 08:21:44 UTC 2026
// 同步 ID: 7e3ed634 @ Sun Jul  5 20:08:28 UTC 2026
// 同步 ID: bee58308 @ Mon Jul  6 17:02:53 UTC 2026
// 重构日志: 2b76a3ee
// 重构日志: e15e3919
// 重构日志: 4b736f43
// 同步 ID: ad0b607e @ Wed Jul  8 01:11:05 UTC 2026
// 重构日志: 8c5922bb
// 重构日志: 18ef88de
// 同步 ID: 22d6c905 @ Thu Jul  9 11:47:07 UTC 2026
// 重构日志: 5af26dce
// 重构日志: f29cdd82
